0 info it worked if it ends with ok
1 verbose cli [ '/usr/bin/nodejs', '/usr/bin/npm', 'install' ]
2 info using npm@2.15.9
3 info using node@v4.6.0
4 verbose readDependencies loading dependencies from /home/quang/hvu-ml/SERVER/package.json
5 warn package.json hvu-backend@1.0.0 No repository field.
6 warn package.json hvu-backend@1.0.0 No README data
7 verbose install where, deps [ '/home/quang/hvu-ml/SERVER',
7 verbose install   [ 'angular',
7 verbose install     'angular-sanitize',
7 verbose install     'assert',
7 verbose install     'body-parser',
7 verbose install     'child-process-promise',
7 verbose install     'express',
7 verbose install     'fs',
7 verbose install     'http',
7 verbose install     'mongoose',
7 verbose install     'morgan',
7 verbose install     'multer',
7 verbose install     'node-simple-router',
7 verbose install     'q',
7 verbose install     'should',
7 verbose install     'supertest',
7 verbose install     'zombie',
7 verbose install     'mocha' ] ]
8 verbose install where, peers [ '/home/quang/hvu-ml/SERVER', [] ]
9 verbose installManyTop reading for lifecycle /home/quang/hvu-ml/SERVER/package.json
10 info preinstall hvu-backend@1.0.0
11 verbose installManyTop reading scoped package data from /home/quang/hvu-ml/SERVER/node_modules/accepts/package.json
12 verbose installManyTop reading scoped package data from /home/quang/hvu-ml/SERVER/node_modules/acorn/package.json
13 verbose installManyTop reading scoped package data from /home/quang/hvu-ml/SERVER/node_modules/acorn-globals/package.json
14 verbose installManyTop reading scoped package data from /home/quang/hvu-ml/SERVER/node_modules/amdefine/package.json
15 verbose installManyTop reading scoped package data from /home/quang/hvu-ml/SERVER/node_modules/angular/package.json
16 verbose installManyTop reading scoped package data from /home/quang/hvu-ml/SERVER/node_modules/angular-sanitize/package.json
17 verbose installManyTop reading scoped package data from /home/quang/hvu-ml/SERVER/node_modules/ansi-regex/package.json
18 verbose installManyTop reading scoped package data from /home/quang/hvu-ml/SERVER/node_modules/ansi-styles/package.json
19 verbose installManyTop reading scoped package data from /home/quang/hvu-ml/SERVER/node_modules/append-field/package.json
20 verbose installManyTop reading scoped package data from /home/quang/hvu-ml/SERVER/node_modules/array-flatten/package.json
21 verbose installManyTop reading scoped package data from /home/quang/hvu-ml/SERVER/node_modules/asn1/package.json
22 verbose installManyTop reading scoped package data from /home/quang/hvu-ml/SERVER/node_modules/assert/package.json
23 verbose installManyTop reading scoped package data from /home/quang/hvu-ml/SERVER/node_modules/assert-plus/package.json
24 verbose installManyTop reading scoped package data from /home/quang/hvu-ml/SERVER/node_modules/async/package.json
25 verbose installManyTop reading scoped package data from /home/quang/hvu-ml/SERVER/node_modules/aws-sign2/package.json
26 verbose installManyTop reading scoped package data from /home/quang/hvu-ml/SERVER/node_modules/aws4/package.json
27 verbose installManyTop reading scoped package data from /home/quang/hvu-ml/SERVER/node_modules/babel-runtime/package.json
28 verbose installManyTop reading scoped package data from /home/quang/hvu-ml/SERVER/node_modules/basic-auth/package.json
29 verbose installManyTop reading scoped package data from /home/quang/hvu-ml/SERVER/node_modules/bindings/package.json
30 verbose installManyTop reading scoped package data from /home/quang/hvu-ml/SERVER/node_modules/bl/package.json
31 verbose installManyTop reading scoped package data from /home/quang/hvu-ml/SERVER/node_modules/bluebird/package.json
32 verbose installManyTop reading scoped package data from /home/quang/hvu-ml/SERVER/node_modules/body-parser/package.json
33 verbose installManyTop reading scoped package data from /home/quang/hvu-ml/SERVER/node_modules/boom/package.json
34 verbose installManyTop reading scoped package data from /home/quang/hvu-ml/SERVER/node_modules/browser-request/package.json
35 verbose installManyTop reading scoped package data from /home/quang/hvu-ml/SERVER/node_modules/bson/package.json
36 verbose installManyTop reading scoped package data from /home/quang/hvu-ml/SERVER/node_modules/bufferutil/package.json
37 verbose installManyTop reading scoped package data from /home/quang/hvu-ml/SERVER/node_modules/busboy/package.json
38 verbose installManyTop reading scoped package data from /home/quang/hvu-ml/SERVER/node_modules/bytes/package.json
39 verbose installManyTop reading scoped package data from /home/quang/hvu-ml/SERVER/node_modules/caseless/package.json
40 verbose installManyTop reading scoped package data from /home/quang/hvu-ml/SERVER/node_modules/chalk/package.json
41 verbose installManyTop reading scoped package data from /home/quang/hvu-ml/SERVER/node_modules/child-process-promise/package.json
42 verbose installManyTop reading scoped package data from /home/quang/hvu-ml/SERVER/node_modules/combined-stream/package.json
43 verbose installManyTop reading scoped package data from /home/quang/hvu-ml/SERVER/node_modules/commander/package.json
44 verbose installManyTop reading scoped package data from /home/quang/hvu-ml/SERVER/node_modules/component-emitter/package.json
45 verbose installManyTop reading scoped package data from /home/quang/hvu-ml/SERVER/node_modules/concat-stream/package.json
46 verbose installManyTop reading scoped package data from /home/quang/hvu-ml/SERVER/node_modules/content-disposition/package.json
47 verbose installManyTop reading scoped package data from /home/quang/hvu-ml/SERVER/node_modules/content-type/package.json
48 verbose installManyTop reading scoped package data from /home/quang/hvu-ml/SERVER/node_modules/contextify/package.json
49 verbose installManyTop reading scoped package data from /home/quang/hvu-ml/SERVER/node_modules/cookie/package.json
50 verbose installManyTop reading scoped package data from /home/quang/hvu-ml/SERVER/node_modules/cookie-signature/package.json
51 verbose installManyTop reading scoped package data from /home/quang/hvu-ml/SERVER/node_modules/cookiejar/package.json
52 verbose installManyTop reading scoped package data from /home/quang/hvu-ml/SERVER/node_modules/core-js/package.json
53 verbose installManyTop reading scoped package data from /home/quang/hvu-ml/SERVER/node_modules/core-util-is/package.json
54 verbose installManyTop reading scoped package data from /home/quang/hvu-ml/SERVER/node_modules/cryptiles/package.json
55 verbose installManyTop reading scoped package data from /home/quang/hvu-ml/SERVER/node_modules/cssom/package.json
56 verbose installManyTop reading scoped package data from /home/quang/hvu-ml/SERVER/node_modules/cssstyle/package.json
57 verbose installManyTop reading scoped package data from /home/quang/hvu-ml/SERVER/node_modules/dashdash/package.json
58 verbose installManyTop reading scoped package data from /home/quang/hvu-ml/SERVER/node_modules/debug/package.json
59 verbose installManyTop reading scoped package data from /home/quang/hvu-ml/SERVER/node_modules/deep-is/package.json
60 verbose installManyTop reading scoped package data from /home/quang/hvu-ml/SERVER/node_modules/delayed-stream/package.json
61 verbose installManyTop reading scoped package data from /home/quang/hvu-ml/SERVER/node_modules/depd/package.json
62 verbose installManyTop reading scoped package data from /home/quang/hvu-ml/SERVER/node_modules/destroy/package.json
63 verbose installManyTop reading scoped package data from /home/quang/hvu-ml/SERVER/node_modules/dicer/package.json
64 verbose installManyTop reading scoped package data from /home/quang/hvu-ml/SERVER/node_modules/diff/package.json
65 verbose installManyTop reading scoped package data from /home/quang/hvu-ml/SERVER/node_modules/dom-serializer/package.json
66 verbose installManyTop reading scoped package data from /home/quang/hvu-ml/SERVER/node_modules/domelementtype/package.json
67 verbose installManyTop reading scoped package data from /home/quang/hvu-ml/SERVER/node_modules/domhandler/package.json
68 verbose installManyTop reading scoped package data from /home/quang/hvu-ml/SERVER/node_modules/domutils/package.json
69 verbose installManyTop reading scoped package data from /home/quang/hvu-ml/SERVER/node_modules/ecc-jsbn/package.json
70 verbose installManyTop reading scoped package data from /home/quang/hvu-ml/SERVER/node_modules/ee-first/package.json
71 verbose installManyTop reading scoped package data from /home/quang/hvu-ml/SERVER/node_modules/entities/package.json
72 verbose installManyTop reading scoped package data from /home/quang/hvu-ml/SERVER/node_modules/es6-promise/package.json
73 verbose installManyTop reading scoped package data from /home/quang/hvu-ml/SERVER/node_modules/escape-html/package.json
74 verbose installManyTop reading scoped package data from /home/quang/hvu-ml/SERVER/node_modules/escape-string-regexp/package.json
75 verbose installManyTop reading scoped package data from /home/quang/hvu-ml/SERVER/node_modules/escodegen/package.json
76 verbose installManyTop reading scoped package data from /home/quang/hvu-ml/SERVER/node_modules/esprima/package.json
77 verbose installManyTop reading scoped package data from /home/quang/hvu-ml/SERVER/node_modules/estraverse/package.json
78 verbose installManyTop reading scoped package data from /home/quang/hvu-ml/SERVER/node_modules/esutils/package.json
79 verbose installManyTop reading scoped package data from /home/quang/hvu-ml/SERVER/node_modules/etag/package.json
80 verbose installManyTop reading scoped package data from /home/quang/hvu-ml/SERVER/node_modules/eventsource/package.json
81 verbose installManyTop reading scoped package data from /home/quang/hvu-ml/SERVER/node_modules/express/package.json
82 verbose installManyTop reading scoped package data from /home/quang/hvu-ml/SERVER/node_modules/extend/package.json
83 verbose installManyTop reading scoped package data from /home/quang/hvu-ml/SERVER/node_modules/extsprintf/package.json
84 verbose installManyTop reading scoped package data from /home/quang/hvu-ml/SERVER/node_modules/fast-levenshtein/package.json
85 verbose installManyTop reading scoped package data from /home/quang/hvu-ml/SERVER/node_modules/finalhandler/package.json
86 verbose installManyTop reading scoped package data from /home/quang/hvu-ml/SERVER/node_modules/forever-agent/package.json
87 verbose installManyTop reading scoped package data from /home/quang/hvu-ml/SERVER/node_modules/form-data/package.json
88 verbose installManyTop reading scoped package data from /home/quang/hvu-ml/SERVER/node_modules/formidable/package.json
89 verbose installManyTop reading scoped package data from /home/quang/hvu-ml/SERVER/node_modules/forwarded/package.json
90 verbose installManyTop reading scoped package data from /home/quang/hvu-ml/SERVER/node_modules/fresh/package.json
91 verbose installManyTop reading scoped package data from /home/quang/hvu-ml/SERVER/node_modules/fs/package.json
92 verbose installManyTop reading scoped package data from /home/quang/hvu-ml/SERVER/node_modules/generate-function/package.json
93 verbose installManyTop reading scoped package data from /home/quang/hvu-ml/SERVER/node_modules/generate-object-property/package.json
94 verbose installManyTop reading scoped package data from /home/quang/hvu-ml/SERVER/node_modules/glob/package.json
95 verbose installManyTop reading scoped package data from /home/quang/hvu-ml/SERVER/node_modules/graceful-fs/package.json
96 verbose installManyTop reading scoped package data from /home/quang/hvu-ml/SERVER/node_modules/graceful-readlink/package.json
97 verbose installManyTop reading scoped package data from /home/quang/hvu-ml/SERVER/node_modules/growl/package.json
98 verbose installManyTop reading scoped package data from /home/quang/hvu-ml/SERVER/node_modules/har-validator/package.json
99 verbose installManyTop reading scoped package data from /home/quang/hvu-ml/SERVER/node_modules/has-ansi/package.json
100 verbose installManyTop reading scoped package data from /home/quang/hvu-ml/SERVER/node_modules/hawk/package.json
101 verbose installManyTop reading scoped package data from /home/quang/hvu-ml/SERVER/node_modules/hoek/package.json
102 verbose installManyTop reading scoped package data from /home/quang/hvu-ml/SERVER/node_modules/hooks-fixed/package.json
103 verbose installManyTop reading scoped package data from /home/quang/hvu-ml/SERVER/node_modules/htmlparser2/package.json
104 verbose installManyTop reading scoped package data from /home/quang/hvu-ml/SERVER/node_modules/http/package.json
105 verbose installManyTop reading scoped package data from /home/quang/hvu-ml/SERVER/node_modules/http-errors/package.json
106 verbose installManyTop reading scoped package data from /home/quang/hvu-ml/SERVER/node_modules/http-signature/package.json
107 verbose installManyTop reading scoped package data from /home/quang/hvu-ml/SERVER/node_modules/iconv-lite/package.json
108 verbose installManyTop reading scoped package data from /home/quang/hvu-ml/SERVER/node_modules/inherits/package.json
109 verbose installManyTop reading scoped package data from /home/quang/hvu-ml/SERVER/node_modules/ipaddr.js/package.json
110 verbose installManyTop reading scoped package data from /home/quang/hvu-ml/SERVER/node_modules/is-my-json-valid/package.json
111 verbose installManyTop reading scoped package data from /home/quang/hvu-ml/SERVER/node_modules/is-property/package.json
112 verbose installManyTop reading scoped package data from /home/quang/hvu-ml/SERVER/node_modules/is-typedarray/package.json
113 verbose installManyTop reading scoped package data from /home/quang/hvu-ml/SERVER/node_modules/isarray/package.json
114 verbose installManyTop reading scoped package data from /home/quang/hvu-ml/SERVER/node_modules/isstream/package.json
115 verbose installManyTop reading scoped package data from /home/quang/hvu-ml/SERVER/node_modules/jade/package.json
116 verbose installManyTop reading scoped package data from /home/quang/hvu-ml/SERVER/node_modules/jodid25519/package.json
117 verbose installManyTop reading scoped package data from /home/quang/hvu-ml/SERVER/node_modules/jsbn/package.json
118 verbose installManyTop reading scoped package data from /home/quang/hvu-ml/SERVER/node_modules/jsdom/package.json
119 verbose installManyTop reading scoped package data from /home/quang/hvu-ml/SERVER/node_modules/json-schema/package.json
120 verbose installManyTop reading scoped package data from /home/quang/hvu-ml/SERVER/node_modules/json-stringify-safe/package.json
121 verbose installManyTop reading scoped package data from /home/quang/hvu-ml/SERVER/node_modules/jsonpointer/package.json
122 verbose installManyTop reading scoped package data from /home/quang/hvu-ml/SERVER/node_modules/jsprim/package.json
123 verbose installManyTop reading scoped package data from /home/quang/hvu-ml/SERVER/node_modules/kareem/package.json
124 verbose installManyTop reading scoped package data from /home/quang/hvu-ml/SERVER/node_modules/levn/package.json
125 verbose installManyTop reading scoped package data from /home/quang/hvu-ml/SERVER/node_modules/lru-cache/package.json
126 verbose installManyTop reading scoped package data from /home/quang/hvu-ml/SERVER/node_modules/media-typer/package.json
127 verbose installManyTop reading scoped package data from /home/quang/hvu-ml/SERVER/node_modules/merge-descriptors/package.json
128 verbose installManyTop reading scoped package data from /home/quang/hvu-ml/SERVER/node_modules/methods/package.json
129 verbose installManyTop reading scoped package data from /home/quang/hvu-ml/SERVER/node_modules/mime/package.json
130 verbose installManyTop reading scoped package data from /home/quang/hvu-ml/SERVER/node_modules/mime-db/package.json
131 verbose installManyTop reading scoped package data from /home/quang/hvu-ml/SERVER/node_modules/mime-types/package.json
132 verbose installManyTop reading scoped package data from /home/quang/hvu-ml/SERVER/node_modules/minimatch/package.json
133 verbose installManyTop reading scoped package data from /home/quang/hvu-ml/SERVER/node_modules/minimist/package.json
134 verbose installManyTop reading scoped package data from /home/quang/hvu-ml/SERVER/node_modules/mkdirp/package.json
135 verbose installManyTop reading scoped package data from /home/quang/hvu-ml/SERVER/node_modules/mocha/package.json
136 verbose installManyTop reading scoped package data from /home/quang/hvu-ml/SERVER/node_modules/mongodb/package.json
137 verbose installManyTop reading scoped package data from /home/quang/hvu-ml/SERVER/node_modules/mongodb-core/package.json
138 verbose installManyTop reading scoped package data from /home/quang/hvu-ml/SERVER/node_modules/mongoose/package.json
139 verbose installManyTop reading scoped package data from /home/quang/hvu-ml/SERVER/node_modules/morgan/package.json
140 verbose installManyTop reading scoped package data from /home/quang/hvu-ml/SERVER/node_modules/mpath/package.json
141 verbose installManyTop reading scoped package data from /home/quang/hvu-ml/SERVER/node_modules/mpromise/package.json
142 verbose installManyTop reading scoped package data from /home/quang/hvu-ml/SERVER/node_modules/mquery/package.json
143 verbose installManyTop reading scoped package data from /home/quang/hvu-ml/SERVER/node_modules/ms/package.json
144 verbose installManyTop reading scoped package data from /home/quang/hvu-ml/SERVER/node_modules/multer/package.json
145 verbose installManyTop reading scoped package data from /home/quang/hvu-ml/SERVER/node_modules/muri/package.json
146 verbose installManyTop reading scoped package data from /home/quang/hvu-ml/SERVER/node_modules/nan/package.json
147 verbose installManyTop reading scoped package data from /home/quang/hvu-ml/SERVER/node_modules/negotiator/package.json
148 verbose installManyTop reading scoped package data from /home/quang/hvu-ml/SERVER/node_modules/node-simple-router/package.json
149 verbose installManyTop reading scoped package data from /home/quang/hvu-ml/SERVER/node_modules/node-uuid/package.json
150 verbose installManyTop reading scoped package data from /home/quang/hvu-ml/SERVER/node_modules/nwmatcher/package.json
151 verbose installManyTop reading scoped package data from /home/quang/hvu-ml/SERVER/node_modules/oauth-sign/package.json
152 verbose installManyTop reading scoped package data from /home/quang/hvu-ml/SERVER/node_modules/object-assign/package.json
153 verbose installManyTop reading scoped package data from /home/quang/hvu-ml/SERVER/node_modules/on-finished/package.json
154 verbose installManyTop reading scoped package data from /home/quang/hvu-ml/SERVER/node_modules/on-headers/package.json
155 verbose installManyTop reading scoped package data from /home/quang/hvu-ml/SERVER/node_modules/optionator/package.json
156 verbose installManyTop reading scoped package data from /home/quang/hvu-ml/SERVER/node_modules/options/package.json
157 verbose installManyTop reading scoped package data from /home/quang/hvu-ml/SERVER/node_modules/original/package.json
158 verbose installManyTop reading scoped package data from /home/quang/hvu-ml/SERVER/node_modules/parse5/package.json
159 verbose installManyTop reading scoped package data from /home/quang/hvu-ml/SERVER/node_modules/parseurl/package.json
160 verbose installManyTop reading scoped package data from /home/quang/hvu-ml/SERVER/node_modules/path-to-regexp/package.json
161 verbose installManyTop reading scoped package data from /home/quang/hvu-ml/SERVER/node_modules/pinkie/package.json
162 verbose installManyTop reading scoped package data from /home/quang/hvu-ml/SERVER/node_modules/pinkie-promise/package.json
163 verbose installManyTop reading scoped package data from /home/quang/hvu-ml/SERVER/node_modules/prelude-ls/package.json
164 verbose installManyTop reading scoped package data from /home/quang/hvu-ml/SERVER/node_modules/process-nextick-args/package.json
165 verbose installManyTop reading scoped package data from /home/quang/hvu-ml/SERVER/node_modules/proxy-addr/package.json
166 verbose installManyTop reading scoped package data from /home/quang/hvu-ml/SERVER/node_modules/punycode/package.json
167 verbose installManyTop reading scoped package data from /home/quang/hvu-ml/SERVER/node_modules/q/package.json
168 verbose installManyTop reading scoped package data from /home/quang/hvu-ml/SERVER/node_modules/qs/package.json
169 verbose installManyTop reading scoped package data from /home/quang/hvu-ml/SERVER/node_modules/querystringify/package.json
170 verbose installManyTop reading scoped package data from /home/quang/hvu-ml/SERVER/node_modules/range-parser/package.json
171 verbose installManyTop reading scoped package data from /home/quang/hvu-ml/SERVER/node_modules/raw-body/package.json
172 verbose installManyTop reading scoped package data from /home/quang/hvu-ml/SERVER/node_modules/readable-stream/package.json
173 verbose installManyTop reading scoped package data from /home/quang/hvu-ml/SERVER/node_modules/reduce-component/package.json
174 verbose installManyTop reading scoped package data from /home/quang/hvu-ml/SERVER/node_modules/regexp-clone/package.json
175 verbose installManyTop reading scoped package data from /home/quang/hvu-ml/SERVER/node_modules/request/package.json
176 verbose installManyTop reading scoped package data from /home/quang/hvu-ml/SERVER/node_modules/require_optional/package.json
177 verbose installManyTop reading scoped package data from /home/quang/hvu-ml/SERVER/node_modules/requires-port/package.json
178 verbose installManyTop reading scoped package data from /home/quang/hvu-ml/SERVER/node_modules/resolve-from/package.json
179 verbose installManyTop reading scoped package data from /home/quang/hvu-ml/SERVER/node_modules/semver/package.json
180 verbose installManyTop reading scoped package data from /home/quang/hvu-ml/SERVER/node_modules/send/package.json
181 verbose installManyTop reading scoped package data from /home/quang/hvu-ml/SERVER/node_modules/serve-static/package.json
182 verbose installManyTop reading scoped package data from /home/quang/hvu-ml/SERVER/node_modules/should/package.json
183 verbose installManyTop reading scoped package data from /home/quang/hvu-ml/SERVER/node_modules/should-equal/package.json
184 verbose installManyTop reading scoped package data from /home/quang/hvu-ml/SERVER/node_modules/should-format/package.json
185 verbose installManyTop reading scoped package data from /home/quang/hvu-ml/SERVER/node_modules/should-type/package.json
186 verbose installManyTop reading scoped package data from /home/quang/hvu-ml/SERVER/node_modules/sigmund/package.json
187 verbose installManyTop reading scoped package data from /home/quang/hvu-ml/SERVER/node_modules/sliced/package.json
188 verbose installManyTop reading scoped package data from /home/quang/hvu-ml/SERVER/node_modules/sntp/package.json
189 verbose installManyTop reading scoped package data from /home/quang/hvu-ml/SERVER/node_modules/source-map/package.json
190 verbose installManyTop reading scoped package data from /home/quang/hvu-ml/SERVER/node_modules/sshpk/package.json
191 verbose installManyTop reading scoped package data from /home/quang/hvu-ml/SERVER/node_modules/statuses/package.json
192 verbose installManyTop reading scoped package data from /home/quang/hvu-ml/SERVER/node_modules/streamsearch/package.json
193 verbose installManyTop reading scoped package data from /home/quang/hvu-ml/SERVER/node_modules/string_decoder/package.json
194 verbose installManyTop reading scoped package data from /home/quang/hvu-ml/SERVER/node_modules/stringstream/package.json
195 verbose installManyTop reading scoped package data from /home/quang/hvu-ml/SERVER/node_modules/strip-ansi/package.json
196 verbose installManyTop reading scoped package data from /home/quang/hvu-ml/SERVER/node_modules/superagent/package.json
197 verbose installManyTop reading scoped package data from /home/quang/hvu-ml/SERVER/node_modules/supertest/package.json
198 verbose installManyTop reading scoped package data from /home/quang/hvu-ml/SERVER/node_modules/supports-color/package.json
199 verbose installManyTop reading scoped package data from /home/quang/hvu-ml/SERVER/node_modules/tough-cookie/package.json
200 verbose installManyTop reading scoped package data from /home/quang/hvu-ml/SERVER/node_modules/tunnel-agent/package.json
201 verbose installManyTop reading scoped package data from /home/quang/hvu-ml/SERVER/node_modules/tweetnacl/package.json
202 verbose installManyTop reading scoped package data from /home/quang/hvu-ml/SERVER/node_modules/type-check/package.json
203 verbose installManyTop reading scoped package data from /home/quang/hvu-ml/SERVER/node_modules/type-is/package.json
204 verbose installManyTop reading scoped package data from /home/quang/hvu-ml/SERVER/node_modules/typedarray/package.json
205 verbose installManyTop reading scoped package data from /home/quang/hvu-ml/SERVER/node_modules/ultron/package.json
206 verbose installManyTop reading scoped package data from /home/quang/hvu-ml/SERVER/node_modules/unpipe/package.json
207 verbose installManyTop reading scoped package data from /home/quang/hvu-ml/SERVER/node_modules/url-parse/package.json
208 verbose installManyTop reading scoped package data from /home/quang/hvu-ml/SERVER/node_modules/utf-8-validate/package.json
209 verbose installManyTop reading scoped package data from /home/quang/hvu-ml/SERVER/node_modules/util/package.json
210 verbose installManyTop reading scoped package data from /home/quang/hvu-ml/SERVER/node_modules/util-deprecate/package.json
211 verbose installManyTop reading scoped package data from /home/quang/hvu-ml/SERVER/node_modules/utils-merge/package.json
212 verbose installManyTop reading scoped package data from /home/quang/hvu-ml/SERVER/node_modules/vary/package.json
213 verbose installManyTop reading scoped package data from /home/quang/hvu-ml/SERVER/node_modules/verror/package.json
214 verbose installManyTop reading scoped package data from /home/quang/hvu-ml/SERVER/node_modules/wordwrap/package.json
215 verbose installManyTop reading scoped package data from /home/quang/hvu-ml/SERVER/node_modules/ws/package.json
216 verbose installManyTop reading scoped package data from /home/quang/hvu-ml/SERVER/node_modules/xml-name-validator/package.json
217 verbose installManyTop reading scoped package data from /home/quang/hvu-ml/SERVER/node_modules/xmlhttprequest/package.json
218 verbose installManyTop reading scoped package data from /home/quang/hvu-ml/SERVER/node_modules/xtend/package.json
219 verbose installManyTop reading scoped package data from /home/quang/hvu-ml/SERVER/node_modules/zombie/package.json
220 info package.json acorn@0.11.0 No license field.
221 info package.json assert@1.3.0 assert is also the name of a node core module.
222 info package.json babel-runtime@4.7.16 No license field.
223 info package.json browser-request@0.3.3 No license field.
224 info package.json busboy@0.2.12 No license field.
225 info package.json child-process-promise@1.1.0 license should be a valid SPDX license expression
226 info package.json combined-stream@0.0.7 No license field.
227 info package.json component-emitter@1.1.2 No license field.
228 info package.json contextify@0.1.15 No license field.
229 info package.json deep-is@0.1.3 license should be a valid SPDX license expression
230 info package.json delayed-stream@0.0.5 No license field.
231 info package.json dicer@0.2.5 No license field.
232 info package.json domelementtype@1.3.0 No license field.
233 info package.json domhandler@2.3.0 No license field.
234 info package.json domutils@1.5.1 No license field.
235 info package.json entities@1.1.1 license should be a valid SPDX license expression
236 info package.json esutils@2.0.2 No license field.
237 info package.json estraverse@1.9.3 No license field.
238 info package.json eventsource@0.1.6 No license field.
239 info package.json extend@1.2.1 No license field.
240 info package.json extsprintf@1.0.2 No license field.
241 info package.json form-data@0.2.0 No license field.
242 info package.json formidable@1.0.14 No license field.
243 info package.json fs@0.0.2 fs is also the name of a node core module.
244 info package.json fs@0.0.2 No description
245 info package.json fs@0.0.2 No repository field.
246 info package.json glob@3.2.3 license should be a valid SPDX license expression
247 info package.json graceful-fs@2.0.3 license should be a valid SPDX license expression
248 info package.json growl@1.8.1 No license field.
249 info package.json hooks-fixed@1.1.0 No license field.
250 info package.json http@0.0.0 http is also the name of a node core module.
251 info package.json http@0.0.0 No description
252 info package.json http@0.0.0 No repository field.
253 info package.json jade@0.26.3 No license field.
254 info package.json jsbn@0.1.0 license should be a valid SPDX license expression
255 info package.json jsdom@3.1.2 license should be a valid SPDX license expression
256 info package.json json-schema@0.2.2 No license field.
257 info package.json kareem@1.0.1 license should be a valid SPDX license expression
258 info package.json minimatch@0.2.14 license should be a valid SPDX license expression
259 info package.json diff@1.4.0 No license field.
260 info package.json ms@0.7.1 No license field.
261 info package.json node-uuid@1.4.7 No license field.
262 info package.json nwmatcher@1.3.7 No license field.
263 info package.json options@0.0.6 No license field.
264 info package.json parse5@1.5.1 No license field.
265 info package.json prelude-ls@1.1.2 No license field.
266 info package.json punycode@1.4.0 punycode is also the name of a node core module.
267 info package.json q@1.4.1 license should be a valid SPDX license expression
268 info package.json reduce-component@1.0.1 license should be a valid SPDX license expression
269 info package.json sntp@1.0.9 No license field.
270 info package.json source-map@0.2.0 No license field.
271 info package.json streamsearch@0.1.2 No license field.
272 info package.json string_decoder@0.10.31 string_decoder is also the name of a node core module.
273 info package.json tweetnacl@0.13.3 license should be a valid SPDX license expression
274 info package.json util@0.10.3 util is also the name of a node core module.
275 info package.json utils-merge@1.0.0 No license field.
276 info package.json verror@1.3.6 No license field.
277 info package.json mime@1.3.4 No license field.
278 verbose readDependencies loading dependencies from /home/quang/hvu-ml/SERVER/package.json
279 verbose targetResolver reading package data from /home/quang/hvu-ml/SERVER/node_modules/accepts/package.json
280 verbose targetResolver reading package data from /home/quang/hvu-ml/SERVER/node_modules/acorn/package.json
281 verbose targetResolver reading package data from /home/quang/hvu-ml/SERVER/node_modules/acorn-globals/package.json
282 verbose targetResolver reading package data from /home/quang/hvu-ml/SERVER/node_modules/amdefine/package.json
283 verbose targetResolver reading package data from /home/quang/hvu-ml/SERVER/node_modules/angular/package.json
284 verbose targetResolver reading package data from /home/quang/hvu-ml/SERVER/node_modules/angular-sanitize/package.json
285 verbose targetResolver reading package data from /home/quang/hvu-ml/SERVER/node_modules/ansi-regex/package.json
286 verbose targetResolver reading package data from /home/quang/hvu-ml/SERVER/node_modules/ansi-styles/package.json
287 verbose targetResolver reading package data from /home/quang/hvu-ml/SERVER/node_modules/append-field/package.json
288 verbose targetResolver reading package data from /home/quang/hvu-ml/SERVER/node_modules/array-flatten/package.json
289 verbose targetResolver reading package data from /home/quang/hvu-ml/SERVER/node_modules/asn1/package.json
290 verbose targetResolver reading package data from /home/quang/hvu-ml/SERVER/node_modules/assert/package.json
291 verbose targetResolver reading package data from /home/quang/hvu-ml/SERVER/node_modules/assert-plus/package.json
292 verbose targetResolver reading package data from /home/quang/hvu-ml/SERVER/node_modules/async/package.json
293 verbose targetResolver reading package data from /home/quang/hvu-ml/SERVER/node_modules/aws-sign2/package.json
294 verbose targetResolver reading package data from /home/quang/hvu-ml/SERVER/node_modules/aws4/package.json
295 verbose targetResolver reading package data from /home/quang/hvu-ml/SERVER/node_modules/babel-runtime/package.json
296 verbose targetResolver reading package data from /home/quang/hvu-ml/SERVER/node_modules/basic-auth/package.json
297 verbose targetResolver reading package data from /home/quang/hvu-ml/SERVER/node_modules/bindings/package.json
298 verbose targetResolver reading package data from /home/quang/hvu-ml/SERVER/node_modules/bl/package.json
299 verbose targetResolver reading package data from /home/quang/hvu-ml/SERVER/node_modules/bluebird/package.json
300 verbose targetResolver reading package data from /home/quang/hvu-ml/SERVER/node_modules/body-parser/package.json
301 verbose targetResolver reading package data from /home/quang/hvu-ml/SERVER/node_modules/boom/package.json
302 verbose targetResolver reading package data from /home/quang/hvu-ml/SERVER/node_modules/browser-request/package.json
303 verbose targetResolver reading package data from /home/quang/hvu-ml/SERVER/node_modules/bson/package.json
304 verbose targetResolver reading package data from /home/quang/hvu-ml/SERVER/node_modules/bufferutil/package.json
305 verbose targetResolver reading package data from /home/quang/hvu-ml/SERVER/node_modules/busboy/package.json
306 verbose targetResolver reading package data from /home/quang/hvu-ml/SERVER/node_modules/bytes/package.json
307 verbose targetResolver reading package data from /home/quang/hvu-ml/SERVER/node_modules/caseless/package.json
308 verbose targetResolver reading package data from /home/quang/hvu-ml/SERVER/node_modules/chalk/package.json
309 verbose targetResolver reading package data from /home/quang/hvu-ml/SERVER/node_modules/child-process-promise/package.json
310 verbose targetResolver reading package data from /home/quang/hvu-ml/SERVER/node_modules/combined-stream/package.json
311 verbose targetResolver reading package data from /home/quang/hvu-ml/SERVER/node_modules/commander/package.json
312 verbose targetResolver reading package data from /home/quang/hvu-ml/SERVER/node_modules/component-emitter/package.json
313 verbose targetResolver reading package data from /home/quang/hvu-ml/SERVER/node_modules/concat-stream/package.json
314 verbose targetResolver reading package data from /home/quang/hvu-ml/SERVER/node_modules/content-disposition/package.json
315 verbose targetResolver reading package data from /home/quang/hvu-ml/SERVER/node_modules/content-type/package.json
316 verbose targetResolver reading package data from /home/quang/hvu-ml/SERVER/node_modules/contextify/package.json
317 verbose targetResolver reading package data from /home/quang/hvu-ml/SERVER/node_modules/cookie/package.json
318 verbose targetResolver reading package data from /home/quang/hvu-ml/SERVER/node_modules/cookie-signature/package.json
319 verbose targetResolver reading package data from /home/quang/hvu-ml/SERVER/node_modules/cookiejar/package.json
320 verbose targetResolver reading package data from /home/quang/hvu-ml/SERVER/node_modules/core-js/package.json
321 verbose targetResolver reading package data from /home/quang/hvu-ml/SERVER/node_modules/core-util-is/package.json
322 verbose targetResolver reading package data from /home/quang/hvu-ml/SERVER/node_modules/cryptiles/package.json
323 verbose targetResolver reading package data from /home/quang/hvu-ml/SERVER/node_modules/cssom/package.json
324 verbose targetResolver reading package data from /home/quang/hvu-ml/SERVER/node_modules/cssstyle/package.json
325 verbose targetResolver reading package data from /home/quang/hvu-ml/SERVER/node_modules/dashdash/package.json
326 verbose targetResolver reading package data from /home/quang/hvu-ml/SERVER/node_modules/debug/package.json
327 verbose targetResolver reading package data from /home/quang/hvu-ml/SERVER/node_modules/deep-is/package.json
328 verbose targetResolver reading package data from /home/quang/hvu-ml/SERVER/node_modules/delayed-stream/package.json
329 verbose targetResolver reading package data from /home/quang/hvu-ml/SERVER/node_modules/depd/package.json
330 verbose targetResolver reading package data from /home/quang/hvu-ml/SERVER/node_modules/destroy/package.json
331 verbose targetResolver reading package data from /home/quang/hvu-ml/SERVER/node_modules/dicer/package.json
332 verbose targetResolver reading package data from /home/quang/hvu-ml/SERVER/node_modules/diff/package.json
333 verbose targetResolver reading package data from /home/quang/hvu-ml/SERVER/node_modules/dom-serializer/package.json
334 verbose targetResolver reading package data from /home/quang/hvu-ml/SERVER/node_modules/domelementtype/package.json
335 verbose targetResolver reading package data from /home/quang/hvu-ml/SERVER/node_modules/domhandler/package.json
336 verbose targetResolver reading package data from /home/quang/hvu-ml/SERVER/node_modules/domutils/package.json
337 verbose targetResolver reading package data from /home/quang/hvu-ml/SERVER/node_modules/ecc-jsbn/package.json
338 verbose targetResolver reading package data from /home/quang/hvu-ml/SERVER/node_modules/ee-first/package.json
339 verbose targetResolver reading package data from /home/quang/hvu-ml/SERVER/node_modules/entities/package.json
340 verbose targetResolver reading package data from /home/quang/hvu-ml/SERVER/node_modules/es6-promise/package.json
341 verbose targetResolver reading package data from /home/quang/hvu-ml/SERVER/node_modules/escape-html/package.json
342 verbose targetResolver reading package data from /home/quang/hvu-ml/SERVER/node_modules/escape-string-regexp/package.json
343 verbose targetResolver reading package data from /home/quang/hvu-ml/SERVER/node_modules/escodegen/package.json
344 verbose targetResolver reading package data from /home/quang/hvu-ml/SERVER/node_modules/esprima/package.json
345 verbose targetResolver reading package data from /home/quang/hvu-ml/SERVER/node_modules/estraverse/package.json
346 verbose targetResolver reading package data from /home/quang/hvu-ml/SERVER/node_modules/esutils/package.json
347 verbose targetResolver reading package data from /home/quang/hvu-ml/SERVER/node_modules/etag/package.json
348 verbose targetResolver reading package data from /home/quang/hvu-ml/SERVER/node_modules/eventsource/package.json
349 verbose targetResolver reading package data from /home/quang/hvu-ml/SERVER/node_modules/express/package.json
350 verbose targetResolver reading package data from /home/quang/hvu-ml/SERVER/node_modules/extend/package.json
351 verbose targetResolver reading package data from /home/quang/hvu-ml/SERVER/node_modules/extsprintf/package.json
352 verbose targetResolver reading package data from /home/quang/hvu-ml/SERVER/node_modules/fast-levenshtein/package.json
353 verbose targetResolver reading package data from /home/quang/hvu-ml/SERVER/node_modules/finalhandler/package.json
354 verbose targetResolver reading package data from /home/quang/hvu-ml/SERVER/node_modules/forever-agent/package.json
355 verbose targetResolver reading package data from /home/quang/hvu-ml/SERVER/node_modules/form-data/package.json
356 verbose targetResolver reading package data from /home/quang/hvu-ml/SERVER/node_modules/formidable/package.json
357 verbose targetResolver reading package data from /home/quang/hvu-ml/SERVER/node_modules/forwarded/package.json
358 verbose targetResolver reading package data from /home/quang/hvu-ml/SERVER/node_modules/fresh/package.json
359 verbose targetResolver reading package data from /home/quang/hvu-ml/SERVER/node_modules/fs/package.json
360 verbose targetResolver reading package data from /home/quang/hvu-ml/SERVER/node_modules/generate-function/package.json
361 verbose targetResolver reading package data from /home/quang/hvu-ml/SERVER/node_modules/generate-object-property/package.json
362 verbose targetResolver reading package data from /home/quang/hvu-ml/SERVER/node_modules/glob/package.json
363 verbose targetResolver reading package data from /home/quang/hvu-ml/SERVER/node_modules/graceful-fs/package.json
364 verbose targetResolver reading package data from /home/quang/hvu-ml/SERVER/node_modules/graceful-readlink/package.json
365 verbose targetResolver reading package data from /home/quang/hvu-ml/SERVER/node_modules/growl/package.json
366 verbose targetResolver reading package data from /home/quang/hvu-ml/SERVER/node_modules/har-validator/package.json
367 verbose targetResolver reading package data from /home/quang/hvu-ml/SERVER/node_modules/has-ansi/package.json
368 verbose targetResolver reading package data from /home/quang/hvu-ml/SERVER/node_modules/hawk/package.json
369 verbose targetResolver reading package data from /home/quang/hvu-ml/SERVER/node_modules/hoek/package.json
370 verbose targetResolver reading package data from /home/quang/hvu-ml/SERVER/node_modules/hooks-fixed/package.json
371 verbose targetResolver reading package data from /home/quang/hvu-ml/SERVER/node_modules/htmlparser2/package.json
372 verbose targetResolver reading package data from /home/quang/hvu-ml/SERVER/node_modules/http/package.json
373 verbose targetResolver reading package data from /home/quang/hvu-ml/SERVER/node_modules/http-errors/package.json
374 verbose targetResolver reading package data from /home/quang/hvu-ml/SERVER/node_modules/http-signature/package.json
375 verbose targetResolver reading package data from /home/quang/hvu-ml/SERVER/node_modules/iconv-lite/package.json
376 verbose targetResolver reading package data from /home/quang/hvu-ml/SERVER/node_modules/inherits/package.json
377 verbose targetResolver reading package data from /home/quang/hvu-ml/SERVER/node_modules/ipaddr.js/package.json
378 verbose targetResolver reading package data from /home/quang/hvu-ml/SERVER/node_modules/is-my-json-valid/package.json
379 verbose targetResolver reading package data from /home/quang/hvu-ml/SERVER/node_modules/is-property/package.json
380 verbose targetResolver reading package data from /home/quang/hvu-ml/SERVER/node_modules/is-typedarray/package.json
381 verbose targetResolver reading package data from /home/quang/hvu-ml/SERVER/node_modules/isarray/package.json
382 verbose targetResolver reading package data from /home/quang/hvu-ml/SERVER/node_modules/isstream/package.json
383 verbose targetResolver reading package data from /home/quang/hvu-ml/SERVER/node_modules/jade/package.json
384 verbose targetResolver reading package data from /home/quang/hvu-ml/SERVER/node_modules/jodid25519/package.json
385 verbose targetResolver reading package data from /home/quang/hvu-ml/SERVER/node_modules/jsbn/package.json
386 verbose targetResolver reading package data from /home/quang/hvu-ml/SERVER/node_modules/jsdom/package.json
387 verbose targetResolver reading package data from /home/quang/hvu-ml/SERVER/node_modules/json-schema/package.json
388 verbose targetResolver reading package data from /home/quang/hvu-ml/SERVER/node_modules/json-stringify-safe/package.json
389 verbose targetResolver reading package data from /home/quang/hvu-ml/SERVER/node_modules/jsonpointer/package.json
390 verbose targetResolver reading package data from /home/quang/hvu-ml/SERVER/node_modules/jsprim/package.json
391 verbose targetResolver reading package data from /home/quang/hvu-ml/SERVER/node_modules/kareem/package.json
392 verbose targetResolver reading package data from /home/quang/hvu-ml/SERVER/node_modules/levn/package.json
393 verbose targetResolver reading package data from /home/quang/hvu-ml/SERVER/node_modules/lru-cache/package.json
394 verbose targetResolver reading package data from /home/quang/hvu-ml/SERVER/node_modules/media-typer/package.json
395 verbose targetResolver reading package data from /home/quang/hvu-ml/SERVER/node_modules/merge-descriptors/package.json
396 verbose targetResolver reading package data from /home/quang/hvu-ml/SERVER/node_modules/methods/package.json
397 verbose targetResolver reading package data from /home/quang/hvu-ml/SERVER/node_modules/mime/package.json
398 verbose targetResolver reading package data from /home/quang/hvu-ml/SERVER/node_modules/mime-db/package.json
399 verbose targetResolver reading package data from /home/quang/hvu-ml/SERVER/node_modules/mime-types/package.json
400 verbose targetResolver reading package data from /home/quang/hvu-ml/SERVER/node_modules/minimatch/package.json
401 verbose targetResolver reading package data from /home/quang/hvu-ml/SERVER/node_modules/minimist/package.json
402 verbose targetResolver reading package data from /home/quang/hvu-ml/SERVER/node_modules/mkdirp/package.json
403 verbose targetResolver reading package data from /home/quang/hvu-ml/SERVER/node_modules/mocha/package.json
404 verbose targetResolver reading package data from /home/quang/hvu-ml/SERVER/node_modules/mongodb/package.json
405 verbose targetResolver reading package data from /home/quang/hvu-ml/SERVER/node_modules/mongodb-core/package.json
406 verbose targetResolver reading package data from /home/quang/hvu-ml/SERVER/node_modules/mongoose/package.json
407 verbose targetResolver reading package data from /home/quang/hvu-ml/SERVER/node_modules/morgan/package.json
408 verbose targetResolver reading package data from /home/quang/hvu-ml/SERVER/node_modules/mpath/package.json
409 verbose targetResolver reading package data from /home/quang/hvu-ml/SERVER/node_modules/mpromise/package.json
410 verbose targetResolver reading package data from /home/quang/hvu-ml/SERVER/node_modules/mquery/package.json
411 verbose targetResolver reading package data from /home/quang/hvu-ml/SERVER/node_modules/ms/package.json
412 verbose targetResolver reading package data from /home/quang/hvu-ml/SERVER/node_modules/multer/package.json
413 verbose targetResolver reading package data from /home/quang/hvu-ml/SERVER/node_modules/muri/package.json
414 verbose targetResolver reading package data from /home/quang/hvu-ml/SERVER/node_modules/nan/package.json
415 verbose targetResolver reading package data from /home/quang/hvu-ml/SERVER/node_modules/negotiator/package.json
416 verbose targetResolver reading package data from /home/quang/hvu-ml/SERVER/node_modules/node-simple-router/package.json
417 verbose targetResolver reading package data from /home/quang/hvu-ml/SERVER/node_modules/node-uuid/package.json
418 verbose targetResolver reading package data from /home/quang/hvu-ml/SERVER/node_modules/nwmatcher/package.json
419 verbose targetResolver reading package data from /home/quang/hvu-ml/SERVER/node_modules/oauth-sign/package.json
420 verbose targetResolver reading package data from /home/quang/hvu-ml/SERVER/node_modules/object-assign/package.json
421 verbose targetResolver reading package data from /home/quang/hvu-ml/SERVER/node_modules/on-finished/package.json
422 verbose targetResolver reading package data from /home/quang/hvu-ml/SERVER/node_modules/on-headers/package.json
423 verbose targetResolver reading package data from /home/quang/hvu-ml/SERVER/node_modules/optionator/package.json
424 verbose targetResolver reading package data from /home/quang/hvu-ml/SERVER/node_modules/options/package.json
425 verbose targetResolver reading package data from /home/quang/hvu-ml/SERVER/node_modules/original/package.json
426 verbose targetResolver reading package data from /home/quang/hvu-ml/SERVER/node_modules/parse5/package.json
427 verbose targetResolver reading package data from /home/quang/hvu-ml/SERVER/node_modules/parseurl/package.json
428 verbose targetResolver reading package data from /home/quang/hvu-ml/SERVER/node_modules/path-to-regexp/package.json
429 verbose targetResolver reading package data from /home/quang/hvu-ml/SERVER/node_modules/pinkie/package.json
430 verbose targetResolver reading package data from /home/quang/hvu-ml/SERVER/node_modules/pinkie-promise/package.json
431 verbose targetResolver reading package data from /home/quang/hvu-ml/SERVER/node_modules/prelude-ls/package.json
432 verbose targetResolver reading package data from /home/quang/hvu-ml/SERVER/node_modules/process-nextick-args/package.json
433 verbose targetResolver reading package data from /home/quang/hvu-ml/SERVER/node_modules/proxy-addr/package.json
434 verbose targetResolver reading package data from /home/quang/hvu-ml/SERVER/node_modules/punycode/package.json
435 verbose targetResolver reading package data from /home/quang/hvu-ml/SERVER/node_modules/q/package.json
436 verbose targetResolver reading package data from /home/quang/hvu-ml/SERVER/node_modules/qs/package.json
437 verbose targetResolver reading package data from /home/quang/hvu-ml/SERVER/node_modules/querystringify/package.json
438 verbose targetResolver reading package data from /home/quang/hvu-ml/SERVER/node_modules/range-parser/package.json
439 verbose targetResolver reading package data from /home/quang/hvu-ml/SERVER/node_modules/raw-body/package.json
440 verbose targetResolver reading package data from /home/quang/hvu-ml/SERVER/node_modules/readable-stream/package.json
441 verbose targetResolver reading package data from /home/quang/hvu-ml/SERVER/node_modules/reduce-component/package.json
442 verbose targetResolver reading package data from /home/quang/hvu-ml/SERVER/node_modules/regexp-clone/package.json
443 verbose targetResolver reading package data from /home/quang/hvu-ml/SERVER/node_modules/request/package.json
444 verbose targetResolver reading package data from /home/quang/hvu-ml/SERVER/node_modules/require_optional/package.json
445 verbose targetResolver reading package data from /home/quang/hvu-ml/SERVER/node_modules/requires-port/package.json
446 verbose targetResolver reading package data from /home/quang/hvu-ml/SERVER/node_modules/resolve-from/package.json
447 verbose targetResolver reading package data from /home/quang/hvu-ml/SERVER/node_modules/semver/package.json
448 verbose targetResolver reading package data from /home/quang/hvu-ml/SERVER/node_modules/send/package.json
449 verbose targetResolver reading package data from /home/quang/hvu-ml/SERVER/node_modules/serve-static/package.json
450 verbose targetResolver reading package data from /home/quang/hvu-ml/SERVER/node_modules/should/package.json
451 verbose targetResolver reading package data from /home/quang/hvu-ml/SERVER/node_modules/should-equal/package.json
452 verbose targetResolver reading package data from /home/quang/hvu-ml/SERVER/node_modules/should-format/package.json
453 verbose targetResolver reading package data from /home/quang/hvu-ml/SERVER/node_modules/should-type/package.json
454 verbose targetResolver reading package data from /home/quang/hvu-ml/SERVER/node_modules/sigmund/package.json
455 verbose targetResolver reading package data from /home/quang/hvu-ml/SERVER/node_modules/sliced/package.json
456 verbose targetResolver reading package data from /home/quang/hvu-ml/SERVER/node_modules/sntp/package.json
457 verbose targetResolver reading package data from /home/quang/hvu-ml/SERVER/node_modules/source-map/package.json
458 verbose targetResolver reading package data from /home/quang/hvu-ml/SERVER/node_modules/sshpk/package.json
459 verbose targetResolver reading package data from /home/quang/hvu-ml/SERVER/node_modules/statuses/package.json
460 verbose targetResolver reading package data from /home/quang/hvu-ml/SERVER/node_modules/streamsearch/package.json
461 verbose targetResolver reading package data from /home/quang/hvu-ml/SERVER/node_modules/string_decoder/package.json
462 verbose targetResolver reading package data from /home/quang/hvu-ml/SERVER/node_modules/stringstream/package.json
463 verbose targetResolver reading package data from /home/quang/hvu-ml/SERVER/node_modules/strip-ansi/package.json
464 verbose targetResolver reading package data from /home/quang/hvu-ml/SERVER/node_modules/superagent/package.json
465 verbose targetResolver reading package data from /home/quang/hvu-ml/SERVER/node_modules/supertest/package.json
466 verbose targetResolver reading package data from /home/quang/hvu-ml/SERVER/node_modules/supports-color/package.json
467 verbose targetResolver reading package data from /home/quang/hvu-ml/SERVER/node_modules/tough-cookie/package.json
468 verbose targetResolver reading package data from /home/quang/hvu-ml/SERVER/node_modules/tunnel-agent/package.json
469 verbose targetResolver reading package data from /home/quang/hvu-ml/SERVER/node_modules/tweetnacl/package.json
470 verbose targetResolver reading package data from /home/quang/hvu-ml/SERVER/node_modules/type-check/package.json
471 verbose targetResolver reading package data from /home/quang/hvu-ml/SERVER/node_modules/type-is/package.json
472 verbose targetResolver reading package data from /home/quang/hvu-ml/SERVER/node_modules/typedarray/package.json
473 verbose targetResolver reading package data from /home/quang/hvu-ml/SERVER/node_modules/ultron/package.json
474 verbose targetResolver reading package data from /home/quang/hvu-ml/SERVER/node_modules/unpipe/package.json
475 verbose targetResolver reading package data from /home/quang/hvu-ml/SERVER/node_modules/url-parse/package.json
476 verbose targetResolver reading package data from /home/quang/hvu-ml/SERVER/node_modules/utf-8-validate/package.json
477 verbose targetResolver reading package data from /home/quang/hvu-ml/SERVER/node_modules/util/package.json
478 verbose targetResolver reading package data from /home/quang/hvu-ml/SERVER/node_modules/util-deprecate/package.json
479 verbose targetResolver reading package data from /home/quang/hvu-ml/SERVER/node_modules/utils-merge/package.json
480 verbose targetResolver reading package data from /home/quang/hvu-ml/SERVER/node_modules/vary/package.json
481 verbose targetResolver reading package data from /home/quang/hvu-ml/SERVER/node_modules/verror/package.json
482 verbose targetResolver reading package data from /home/quang/hvu-ml/SERVER/node_modules/wordwrap/package.json
483 verbose targetResolver reading package data from /home/quang/hvu-ml/SERVER/node_modules/ws/package.json
484 verbose targetResolver reading package data from /home/quang/hvu-ml/SERVER/node_modules/xml-name-validator/package.json
485 verbose targetResolver reading package data from /home/quang/hvu-ml/SERVER/node_modules/xmlhttprequest/package.json
486 verbose targetResolver reading package data from /home/quang/hvu-ml/SERVER/node_modules/xtend/package.json
487 verbose targetResolver reading package data from /home/quang/hvu-ml/SERVER/node_modules/zombie/package.json
488 verbose targetResolver reading package data from /home/quang/hvu-ml/SERVER/node_modules/.bin/acorn/package.json
489 verbose targetResolver reading package data from /home/quang/hvu-ml/SERVER/node_modules/.bin/escodegen/package.json
490 verbose targetResolver reading package data from /home/quang/hvu-ml/SERVER/node_modules/.bin/esgenerate/package.json
491 verbose targetResolver reading package data from /home/quang/hvu-ml/SERVER/node_modules/.bin/esparse/package.json
492 verbose targetResolver reading package data from /home/quang/hvu-ml/SERVER/node_modules/.bin/esvalidate/package.json
493 verbose targetResolver reading package data from /home/quang/hvu-ml/SERVER/node_modules/.bin/har-validator/package.json
494 verbose targetResolver reading package data from /home/quang/hvu-ml/SERVER/node_modules/.bin/jade/package.json
495 verbose targetResolver reading package data from /home/quang/hvu-ml/SERVER/node_modules/.bin/mime/package.json
496 verbose targetResolver reading package data from /home/quang/hvu-ml/SERVER/node_modules/.bin/mk-server/package.json
497 verbose targetResolver reading package data from /home/quang/hvu-ml/SERVER/node_modules/.bin/mkdirp/package.json
498 verbose targetResolver reading package data from /home/quang/hvu-ml/SERVER/node_modules/.bin/mocha/package.json
499 verbose targetResolver reading package data from /home/quang/hvu-ml/SERVER/node_modules/.bin/semver/package.json
500 verbose targetResolver reading package data from /home/quang/hvu-ml/SERVER/node_modules/.bin/sshpk-conv/package.json
501 verbose targetResolver reading package data from /home/quang/hvu-ml/SERVER/node_modules/.bin/sshpk-sign/package.json
502 verbose targetResolver reading package data from /home/quang/hvu-ml/SERVER/node_modules/.bin/sshpk-verify/package.json
503 verbose targetResolver reading package data from /home/quang/hvu-ml/SERVER/node_modules/.bin/uuid/package.json
504 verbose already installed skipping multer@^1.1.0 /home/quang/hvu-ml/SERVER
505 verbose already installed skipping node-simple-router@^0.9.4-2 /home/quang/hvu-ml/SERVER
506 verbose already installed skipping q@^1.4.1 /home/quang/hvu-ml/SERVER
507 verbose already installed skipping should@^7.1.1 /home/quang/hvu-ml/SERVER
508 verbose already installed skipping supertest@^1.1.0 /home/quang/hvu-ml/SERVER
509 verbose already installed skipping zombie@^3.1.1 /home/quang/hvu-ml/SERVER
510 verbose already installed skipping mocha@^2.3.3 /home/quang/hvu-ml/SERVER
511 verbose already installed skipping angular@^1.4.7 /home/quang/hvu-ml/SERVER
512 verbose already installed skipping angular-sanitize@^1.4.7 /home/quang/hvu-ml/SERVER
513 verbose already installed skipping assert@^1.3.0 /home/quang/hvu-ml/SERVER
514 verbose already installed skipping body-parser@^1.14.1 /home/quang/hvu-ml/SERVER
515 verbose already installed skipping child-process-promise@^1.1.0 /home/quang/hvu-ml/SERVER
516 verbose already installed skipping express@^4.13.4 /home/quang/hvu-ml/SERVER
517 verbose already installed skipping fs@^0.0.2 /home/quang/hvu-ml/SERVER
518 verbose already installed skipping http@^0.0.0 /home/quang/hvu-ml/SERVER
519 verbose already installed skipping mongoose@^4.2.5 /home/quang/hvu-ml/SERVER
520 verbose already installed skipping morgan@^1.6.1 /home/quang/hvu-ml/SERVER
521 silly install resolved []
522 info build /home/quang/hvu-ml/SERVER
523 info linkStuff hvu-backend@1.0.0
524 silly linkStuff hvu-backend@1.0.0 has /home/quang/hvu-ml as its parent node_modules
525 verbose linkBins hvu-backend@1.0.0
526 verbose linkMans hvu-backend@1.0.0
527 verbose rebuildBundles hvu-backend@1.0.0
528 verbose rebuildBundles [ '.bin',
528 verbose rebuildBundles   'accepts',
528 verbose rebuildBundles   'acorn',
528 verbose rebuildBundles   'acorn-globals',
528 verbose rebuildBundles   'amdefine',
528 verbose rebuildBundles   'angular',
528 verbose rebuildBundles   'angular-sanitize',
528 verbose rebuildBundles   'ansi-regex',
528 verbose rebuildBundles   'ansi-styles',
528 verbose rebuildBundles   'append-field',
528 verbose rebuildBundles   'array-flatten',
528 verbose rebuildBundles   'asn1',
528 verbose rebuildBundles   'assert',
528 verbose rebuildBundles   'assert-plus',
528 verbose rebuildBundles   'async',
528 verbose rebuildBundles   'aws-sign2',
528 verbose rebuildBundles   'aws4',
528 verbose rebuildBundles   'babel-runtime',
528 verbose rebuildBundles   'basic-auth',
528 verbose rebuildBundles   'bindings',
528 verbose rebuildBundles   'bl',
528 verbose rebuildBundles   'bluebird',
528 verbose rebuildBundles   'body-parser',
528 verbose rebuildBundles   'boom',
528 verbose rebuildBundles   'browser-request',
528 verbose rebuildBundles   'bson',
528 verbose rebuildBundles   'bufferutil',
528 verbose rebuildBundles   'busboy',
528 verbose rebuildBundles   'bytes',
528 verbose rebuildBundles   'caseless',
528 verbose rebuildBundles   'chalk',
528 verbose rebuildBundles   'child-process-promise',
528 verbose rebuildBundles   'combined-stream',
528 verbose rebuildBundles   'commander',
528 verbose rebuildBundles   'component-emitter',
528 verbose rebuildBundles   'concat-stream',
528 verbose rebuildBundles   'content-disposition',
528 verbose rebuildBundles   'content-type',
528 verbose rebuildBundles   'contextify',
528 verbose rebuildBundles   'cookie',
528 verbose rebuildBundles   'cookie-signature',
528 verbose rebuildBundles   'cookiejar',
528 verbose rebuildBundles   'core-js',
528 verbose rebuildBundles   'core-util-is',
528 verbose rebuildBundles   'cryptiles',
528 verbose rebuildBundles   'cssom',
528 verbose rebuildBundles   'cssstyle',
528 verbose rebuildBundles   'dashdash',
528 verbose rebuildBundles   'debug',
528 verbose rebuildBundles   'deep-is',
528 verbose rebuildBundles   'delayed-stream',
528 verbose rebuildBundles   'depd',
528 verbose rebuildBundles   'destroy',
528 verbose rebuildBundles   'dicer',
528 verbose rebuildBundles   'diff',
528 verbose rebuildBundles   'dom-serializer',
528 verbose rebuildBundles   'domelementtype',
528 verbose rebuildBundles   'domhandler',
528 verbose rebuildBundles   'domutils',
528 verbose rebuildBundles   'ecc-jsbn',
528 verbose rebuildBundles   'ee-first',
528 verbose rebuildBundles   'entities',
528 verbose rebuildBundles   'es6-promise',
528 verbose rebuildBundles   'escape-html',
528 verbose rebuildBundles   'escape-string-regexp',
528 verbose rebuildBundles   'escodegen',
528 verbose rebuildBundles   'esprima',
528 verbose rebuildBundles   'estraverse',
528 verbose rebuildBundles   'esutils',
528 verbose rebuildBundles   'etag',
528 verbose rebuildBundles   'eventsource',
528 verbose rebuildBundles   'express',
528 verbose rebuildBundles   'extend',
528 verbose rebuildBundles   'extsprintf',
528 verbose rebuildBundles   'fast-levenshtein',
528 verbose rebuildBundles   'finalhandler',
528 verbose rebuildBundles   'forever-agent',
528 verbose rebuildBundles   'form-data',
528 verbose rebuildBundles   'formidable',
528 verbose rebuildBundles   'forwarded',
528 verbose rebuildBundles   'fresh',
528 verbose rebuildBundles   'fs',
528 verbose rebuildBundles   'generate-function',
528 verbose rebuildBundles   'generate-object-property',
528 verbose rebuildBundles   'glob',
528 verbose rebuildBundles   'graceful-fs',
528 verbose rebuildBundles   'graceful-readlink',
528 verbose rebuildBundles   'growl',
528 verbose rebuildBundles   'har-validator',
528 verbose rebuildBundles   'has-ansi',
528 verbose rebuildBundles   'hawk',
528 verbose rebuildBundles   'hoek',
528 verbose rebuildBundles   'hooks-fixed',
528 verbose rebuildBundles   'htmlparser2',
528 verbose rebuildBundles   'http',
528 verbose rebuildBundles   'http-errors',
528 verbose rebuildBundles   'http-signature',
528 verbose rebuildBundles   'iconv-lite',
528 verbose rebuildBundles   'inherits',
528 verbose rebuildBundles   'ipaddr.js',
528 verbose rebuildBundles   'is-my-json-valid',
528 verbose rebuildBundles   'is-property',
528 verbose rebuildBundles   'is-typedarray',
528 verbose rebuildBundles   'isarray',
528 verbose rebuildBundles   'isstream',
528 verbose rebuildBundles   'jade',
528 verbose rebuildBundles   'jodid25519',
528 verbose rebuildBundles   'jsbn',
528 verbose rebuildBundles   'jsdom',
528 verbose rebuildBundles   'json-schema',
528 verbose rebuildBundles   'json-stringify-safe',
528 verbose rebuildBundles   'jsonpointer',
528 verbose rebuildBundles   'jsprim',
528 verbose rebuildBundles   'kareem',
528 verbose rebuildBundles   'levn',
528 verbose rebuildBundles   'lru-cache',
528 verbose rebuildBundles   'media-typer',
528 verbose rebuildBundles   'merge-descriptors',
528 verbose rebuildBundles   'methods',
528 verbose rebuildBundles   'mime',
528 verbose rebuildBundles   'mime-db',
528 verbose rebuildBundles   'mime-types',
528 verbose rebuildBundles   'minimatch',
528 verbose rebuildBundles   'minimist',
528 verbose rebuildBundles   'mkdirp',
528 verbose rebuildBundles   'mocha',
528 verbose rebuildBundles   'mongodb',
528 verbose rebuildBundles   'mongodb-core',
528 verbose rebuildBundles   'mongoose',
528 verbose rebuildBundles   'morgan',
528 verbose rebuildBundles   'mpath',
528 verbose rebuildBundles   'mpromise',
528 verbose rebuildBundles   'mquery',
528 verbose rebuildBundles   'ms',
528 verbose rebuildBundles   'multer',
528 verbose rebuildBundles   'muri',
528 verbose rebuildBundles   'nan',
528 verbose rebuildBundles   'negotiator',
528 verbose rebuildBundles   'node-simple-router',
528 verbose rebuildBundles   'node-uuid',
528 verbose rebuildBundles   'nwmatcher',
528 verbose rebuildBundles   'oauth-sign',
528 verbose rebuildBundles   'object-assign',
528 verbose rebuildBundles   'on-finished',
528 verbose rebuildBundles   'on-headers',
528 verbose rebuildBundles   'optionator',
528 verbose rebuildBundles   'options',
528 verbose rebuildBundles   'original',
528 verbose rebuildBundles   'parse5',
528 verbose rebuildBundles   'parseurl',
528 verbose rebuildBundles   'path-to-regexp',
528 verbose rebuildBundles   'pinkie',
528 verbose rebuildBundles   'pinkie-promise',
528 verbose rebuildBundles   'prelude-ls',
528 verbose rebuildBundles   'process-nextick-args',
528 verbose rebuildBundles   'proxy-addr',
528 verbose rebuildBundles   'punycode',
528 verbose rebuildBundles   'q',
528 verbose rebuildBundles   'qs',
528 verbose rebuildBundles   'querystringify',
528 verbose rebuildBundles   'range-parser',
528 verbose rebuildBundles   'raw-body',
528 verbose rebuildBundles   'readable-stream',
528 verbose rebuildBundles   'reduce-component',
528 verbose rebuildBundles   'regexp-clone',
528 verbose rebuildBundles   'request',
528 verbose rebuildBundles   'require_optional',
528 verbose rebuildBundles   'requires-port',
528 verbose rebuildBundles   'resolve-from',
528 verbose rebuildBundles   'semver',
528 verbose rebuildBundles   'send',
528 verbose rebuildBundles   'serve-static',
528 verbose rebuildBundles   'should',
528 verbose rebuildBundles   'should-equal',
528 verbose rebuildBundles   'should-format',
528 verbose rebuildBundles   'should-type',
528 verbose rebuildBundles   'sigmund',
528 verbose rebuildBundles   'sliced',
528 verbose rebuildBundles   'sntp',
528 verbose rebuildBundles   'source-map',
528 verbose rebuildBundles   'sshpk',
528 verbose rebuildBundles   'statuses',
528 verbose rebuildBundles   'streamsearch',
528 verbose rebuildBundles   'string_decoder',
528 verbose rebuildBundles   'stringstream',
528 verbose rebuildBundles   'strip-ansi',
528 verbose rebuildBundles   'superagent',
528 verbose rebuildBundles   'supertest',
528 verbose rebuildBundles   'supports-color',
528 verbose rebuildBundles   'tough-cookie',
528 verbose rebuildBundles   'tunnel-agent',
528 verbose rebuildBundles   'tweetnacl',
528 verbose rebuildBundles   'type-check',
528 verbose rebuildBundles   'type-is',
528 verbose rebuildBundles   'typedarray',
528 verbose rebuildBundles   'ultron',
528 verbose rebuildBundles   'unpipe',
528 verbose rebuildBundles   'url-parse',
528 verbose rebuildBundles   'utf-8-validate',
528 verbose rebuildBundles   'util',
528 verbose rebuildBundles   'util-deprecate',
528 verbose rebuildBundles   'utils-merge',
528 verbose rebuildBundles   'vary',
528 verbose rebuildBundles   'verror',
528 verbose rebuildBundles   'wordwrap',
528 verbose rebuildBundles   'ws',
528 verbose rebuildBundles   'xml-name-validator',
528 verbose rebuildBundles   'xmlhttprequest',
528 verbose rebuildBundles   'xtend',
528 verbose rebuildBundles   'zombie' ]
529 verbose rebuild bundle /home/quang/hvu-ml/SERVER/node_modules/accepts
530 info build /home/quang/hvu-ml/SERVER/node_modules/accepts
531 info preinstall accepts@1.2.13
532 info linkStuff accepts@1.2.13
533 silly linkStuff accepts@1.2.13 has /home/quang/hvu-ml/SERVER/node_modules as its parent node_modules
534 verbose linkBins accepts@1.2.13
535 verbose linkMans accepts@1.2.13
536 verbose rebuildBundles accepts@1.2.13
537 info install accepts@1.2.13
538 info postinstall accepts@1.2.13
539 verbose rebuild bundle /home/quang/hvu-ml/SERVER/node_modules/acorn
540 info build /home/quang/hvu-ml/SERVER/node_modules/acorn
541 info preinstall acorn@0.11.0
542 info linkStuff acorn@0.11.0
543 silly linkStuff acorn@0.11.0 has /home/quang/hvu-ml/SERVER/node_modules as its parent node_modules
544 verbose linkBins acorn@0.11.0
545 verbose link bins [ { acorn: './bin/acorn' },
545 verbose link bins   '/home/quang/hvu-ml/SERVER/node_modules/.bin',
545 verbose link bins   false ]
546 verbose linkMans acorn@0.11.0
547 verbose rebuildBundles acorn@0.11.0
548 silly gentlyRm /home/quang/hvu-ml/SERVER/node_modules/.bin/acorn is being purged
549 verbose gentlyRm don't care about contents; nuking /home/quang/hvu-ml/SERVER/node_modules/.bin/acorn
550 silly vacuum-fs purging /home/quang/hvu-ml/SERVER/node_modules/.bin/acorn
551 silly vacuum-fs quitting because other entries in /home/quang/hvu-ml/SERVER/node_modules/.bin
552 info install acorn@0.11.0
553 info postinstall acorn@0.11.0
554 verbose rebuild bundle /home/quang/hvu-ml/SERVER/node_modules/acorn-globals
555 info build /home/quang/hvu-ml/SERVER/node_modules/acorn-globals
556 info preinstall acorn-globals@1.0.9
557 info linkStuff acorn-globals@1.0.9
558 silly linkStuff acorn-globals@1.0.9 has /home/quang/hvu-ml/SERVER/node_modules as its parent node_modules
559 verbose linkBins acorn-globals@1.0.9
560 verbose linkMans acorn-globals@1.0.9
561 verbose rebuildBundles acorn-globals@1.0.9
562 verbose rebuildBundles [ '.bin', 'acorn' ]
563 info install acorn-globals@1.0.9
564 info postinstall acorn-globals@1.0.9
565 verbose rebuild bundle /home/quang/hvu-ml/SERVER/node_modules/amdefine
566 info build /home/quang/hvu-ml/SERVER/node_modules/amdefine
567 info preinstall amdefine@1.0.0
568 info linkStuff amdefine@1.0.0
569 silly linkStuff amdefine@1.0.0 has /home/quang/hvu-ml/SERVER/node_modules as its parent node_modules
570 verbose linkBins amdefine@1.0.0
571 verbose linkMans amdefine@1.0.0
572 verbose rebuildBundles amdefine@1.0.0
573 info install amdefine@1.0.0
574 info postinstall amdefine@1.0.0
575 verbose rebuild bundle /home/quang/hvu-ml/SERVER/node_modules/ansi-regex
576 info build /home/quang/hvu-ml/SERVER/node_modules/ansi-regex
577 info preinstall ansi-regex@2.0.0
578 info linkStuff ansi-regex@2.0.0
579 silly linkStuff ansi-regex@2.0.0 has /home/quang/hvu-ml/SERVER/node_modules as its parent node_modules
580 verbose linkBins ansi-regex@2.0.0
581 verbose linkMans ansi-regex@2.0.0
582 verbose rebuildBundles ansi-regex@2.0.0
583 info install ansi-regex@2.0.0
584 info postinstall ansi-regex@2.0.0
585 verbose rebuild bundle /home/quang/hvu-ml/SERVER/node_modules/ansi-styles
586 info build /home/quang/hvu-ml/SERVER/node_modules/ansi-styles
587 info preinstall ansi-styles@2.1.0
588 info linkStuff ansi-styles@2.1.0
589 silly linkStuff ansi-styles@2.1.0 has /home/quang/hvu-ml/SERVER/node_modules as its parent node_modules
590 verbose linkBins ansi-styles@2.1.0
591 verbose linkMans ansi-styles@2.1.0
592 verbose rebuildBundles ansi-styles@2.1.0
593 info install ansi-styles@2.1.0
594 info postinstall ansi-styles@2.1.0
595 verbose rebuild bundle /home/quang/hvu-ml/SERVER/node_modules/append-field
596 info build /home/quang/hvu-ml/SERVER/node_modules/append-field
597 info preinstall append-field@0.1.0
598 info linkStuff append-field@0.1.0
599 silly linkStuff append-field@0.1.0 has /home/quang/hvu-ml/SERVER/node_modules as its parent node_modules
600 verbose linkBins append-field@0.1.0
601 verbose linkMans append-field@0.1.0
602 verbose rebuildBundles append-field@0.1.0
603 info install append-field@0.1.0
604 info postinstall append-field@0.1.0
605 verbose rebuild bundle /home/quang/hvu-ml/SERVER/node_modules/array-flatten
606 info build /home/quang/hvu-ml/SERVER/node_modules/array-flatten
607 info preinstall array-flatten@1.1.1
608 info linkStuff array-flatten@1.1.1
609 silly linkStuff array-flatten@1.1.1 has /home/quang/hvu-ml/SERVER/node_modules as its parent node_modules
610 verbose linkBins array-flatten@1.1.1
611 verbose linkMans array-flatten@1.1.1
612 verbose rebuildBundles array-flatten@1.1.1
613 info install array-flatten@1.1.1
614 info postinstall array-flatten@1.1.1
615 verbose rebuild bundle /home/quang/hvu-ml/SERVER/node_modules/asn1
616 info build /home/quang/hvu-ml/SERVER/node_modules/asn1
617 info preinstall asn1@0.2.3
618 info linkStuff asn1@0.2.3
619 silly linkStuff asn1@0.2.3 has /home/quang/hvu-ml/SERVER/node_modules as its parent node_modules
620 verbose linkBins asn1@0.2.3
621 verbose linkMans asn1@0.2.3
622 verbose rebuildBundles asn1@0.2.3
623 info install asn1@0.2.3
624 info postinstall asn1@0.2.3
625 verbose rebuild bundle /home/quang/hvu-ml/SERVER/node_modules/assert-plus
626 info build /home/quang/hvu-ml/SERVER/node_modules/assert-plus
627 info preinstall assert-plus@0.2.0
628 info linkStuff assert-plus@0.2.0
629 silly linkStuff assert-plus@0.2.0 has /home/quang/hvu-ml/SERVER/node_modules as its parent node_modules
630 verbose linkBins assert-plus@0.2.0
631 verbose linkMans assert-plus@0.2.0
632 verbose rebuildBundles assert-plus@0.2.0
633 info install assert-plus@0.2.0
634 info postinstall assert-plus@0.2.0
635 verbose rebuild bundle /home/quang/hvu-ml/SERVER/node_modules/async
636 info build /home/quang/hvu-ml/SERVER/node_modules/async
637 info preinstall async@1.5.2
638 info linkStuff async@1.5.2
639 silly linkStuff async@1.5.2 has /home/quang/hvu-ml/SERVER/node_modules as its parent node_modules
640 verbose linkBins async@1.5.2
641 verbose linkMans async@1.5.2
642 verbose rebuildBundles async@1.5.2
643 info install async@1.5.2
644 info postinstall async@1.5.2
645 verbose rebuild bundle /home/quang/hvu-ml/SERVER/node_modules/aws-sign2
646 info build /home/quang/hvu-ml/SERVER/node_modules/aws-sign2
647 info preinstall aws-sign2@0.6.0
648 info linkStuff aws-sign2@0.6.0
649 silly linkStuff aws-sign2@0.6.0 has /home/quang/hvu-ml/SERVER/node_modules as its parent node_modules
650 verbose linkBins aws-sign2@0.6.0
651 verbose linkMans aws-sign2@0.6.0
652 verbose rebuildBundles aws-sign2@0.6.0
653 info install aws-sign2@0.6.0
654 info postinstall aws-sign2@0.6.0
655 verbose rebuild bundle /home/quang/hvu-ml/SERVER/node_modules/aws4
656 info build /home/quang/hvu-ml/SERVER/node_modules/aws4
657 info preinstall aws4@1.2.1
658 info linkStuff aws4@1.2.1
659 silly linkStuff aws4@1.2.1 has /home/quang/hvu-ml/SERVER/node_modules as its parent node_modules
660 verbose linkBins aws4@1.2.1
661 verbose linkMans aws4@1.2.1
662 verbose rebuildBundles aws4@1.2.1
663 info install aws4@1.2.1
664 info postinstall aws4@1.2.1
665 verbose rebuild bundle /home/quang/hvu-ml/SERVER/node_modules/babel-runtime
666 info build /home/quang/hvu-ml/SERVER/node_modules/babel-runtime
667 info preinstall babel-runtime@4.7.16
668 info linkStuff babel-runtime@4.7.16
669 silly linkStuff babel-runtime@4.7.16 has /home/quang/hvu-ml/SERVER/node_modules as its parent node_modules
670 verbose linkBins babel-runtime@4.7.16
671 verbose linkMans babel-runtime@4.7.16
672 verbose rebuildBundles babel-runtime@4.7.16
673 info install babel-runtime@4.7.16
674 info postinstall babel-runtime@4.7.16
675 verbose rebuild bundle /home/quang/hvu-ml/SERVER/node_modules/basic-auth
676 info build /home/quang/hvu-ml/SERVER/node_modules/basic-auth
677 info preinstall basic-auth@1.0.3
678 info linkStuff basic-auth@1.0.3
679 silly linkStuff basic-auth@1.0.3 has /home/quang/hvu-ml/SERVER/node_modules as its parent node_modules
680 verbose linkBins basic-auth@1.0.3
681 verbose linkMans basic-auth@1.0.3
682 verbose rebuildBundles basic-auth@1.0.3
683 info install basic-auth@1.0.3
684 info postinstall basic-auth@1.0.3
685 verbose rebuild bundle /home/quang/hvu-ml/SERVER/node_modules/bindings
686 info build /home/quang/hvu-ml/SERVER/node_modules/bindings
687 info preinstall bindings@1.2.1
688 info linkStuff bindings@1.2.1
689 silly linkStuff bindings@1.2.1 has /home/quang/hvu-ml/SERVER/node_modules as its parent node_modules
690 verbose linkBins bindings@1.2.1
691 verbose linkMans bindings@1.2.1
692 verbose rebuildBundles bindings@1.2.1
693 info install bindings@1.2.1
694 info postinstall bindings@1.2.1
695 verbose rebuild bundle /home/quang/hvu-ml/SERVER/node_modules/bl
696 info build /home/quang/hvu-ml/SERVER/node_modules/bl
697 info preinstall bl@1.0.2
698 info linkStuff bl@1.0.2
699 silly linkStuff bl@1.0.2 has /home/quang/hvu-ml/SERVER/node_modules as its parent node_modules
700 verbose linkBins bl@1.0.2
701 verbose linkMans bl@1.0.2
702 verbose rebuildBundles bl@1.0.2
703 verbose rebuildBundles [ 'readable-stream' ]
704 info install bl@1.0.2
705 info postinstall bl@1.0.2
706 verbose rebuild bundle /home/quang/hvu-ml/SERVER/node_modules/bluebird
707 info build /home/quang/hvu-ml/SERVER/node_modules/bluebird
708 info preinstall bluebird@2.9.26
709 info linkStuff bluebird@2.9.26
710 silly linkStuff bluebird@2.9.26 has /home/quang/hvu-ml/SERVER/node_modules as its parent node_modules
711 verbose linkBins bluebird@2.9.26
712 verbose linkMans bluebird@2.9.26
713 verbose rebuildBundles bluebird@2.9.26
714 info install bluebird@2.9.26
715 info postinstall bluebird@2.9.26
716 verbose rebuild bundle /home/quang/hvu-ml/SERVER/node_modules/boom
717 info build /home/quang/hvu-ml/SERVER/node_modules/boom
718 info preinstall boom@2.10.1
719 info linkStuff boom@2.10.1
720 silly linkStuff boom@2.10.1 has /home/quang/hvu-ml/SERVER/node_modules as its parent node_modules
721 verbose linkBins boom@2.10.1
722 verbose linkMans boom@2.10.1
723 verbose rebuildBundles boom@2.10.1
724 info install boom@2.10.1
725 info postinstall boom@2.10.1
726 verbose rebuild bundle /home/quang/hvu-ml/SERVER/node_modules/browser-request
727 info build /home/quang/hvu-ml/SERVER/node_modules/browser-request
728 info preinstall browser-request@0.3.3
729 info linkStuff browser-request@0.3.3
730 silly linkStuff browser-request@0.3.3 has /home/quang/hvu-ml/SERVER/node_modules as its parent node_modules
731 verbose linkBins browser-request@0.3.3
732 verbose linkMans browser-request@0.3.3
733 verbose rebuildBundles browser-request@0.3.3
734 info install browser-request@0.3.3
735 info postinstall browser-request@0.3.3
736 verbose rebuild bundle /home/quang/hvu-ml/SERVER/node_modules/bson
737 info build /home/quang/hvu-ml/SERVER/node_modules/bson
738 info preinstall bson@0.4.21
739 info linkStuff bson@0.4.21
740 silly linkStuff bson@0.4.21 has /home/quang/hvu-ml/SERVER/node_modules as its parent node_modules
741 verbose linkBins bson@0.4.21
742 verbose linkMans bson@0.4.21
743 verbose rebuildBundles bson@0.4.21
744 info install bson@0.4.21
745 info postinstall bson@0.4.21
746 verbose rebuild bundle /home/quang/hvu-ml/SERVER/node_modules/bufferutil
747 info build /home/quang/hvu-ml/SERVER/node_modules/bufferutil
748 info preinstall bufferutil@1.1.0
749 info linkStuff bufferutil@1.1.0
750 silly linkStuff bufferutil@1.1.0 has /home/quang/hvu-ml/SERVER/node_modules as its parent node_modules
751 verbose linkBins bufferutil@1.1.0
752 verbose linkMans bufferutil@1.1.0
753 verbose rebuildBundles bufferutil@1.1.0
754 verbose rebuildBundles [ 'nan' ]
755 info install bufferutil@1.1.0
756 verbose unsafe-perm in lifecycle false
757 info bufferutil@1.1.0 Failed to exec install script
758 verbose stack Error: bufferutil@1.1.0 install: `node-gyp rebuild`
758 verbose stack Exit status 1
758 verbose stack     at EventEmitter.<anonymous> (/usr/lib/node_modules/npm/lib/utils/lifecycle.js:217:16)
758 verbose stack     at emitTwo (events.js:87:13)
758 verbose stack     at EventEmitter.emit (events.js:172:7)
758 verbose stack     at ChildProcess.<anonymous> (/usr/lib/node_modules/npm/lib/utils/spawn.js:24:14)
758 verbose stack     at emitTwo (events.js:87:13)
758 verbose stack     at ChildProcess.emit (events.js:172:7)
758 verbose stack     at maybeClose (internal/child_process.js:829:16)
758 verbose stack     at Process.ChildProcess._handle.onexit (internal/child_process.js:211:5)
759 verbose pkgid bufferutil@1.1.0
760 verbose cwd /home/quang/hvu-ml/SERVER
761 error Linux 4.4.0-38-generic
762 error argv "/usr/bin/nodejs" "/usr/bin/npm" "install"
763 error node v4.6.0
764 error npm  v2.15.9
765 error code ELIFECYCLE
766 error bufferutil@1.1.0 install: `node-gyp rebuild`
766 error Exit status 1
767 error Failed at the bufferutil@1.1.0 install script 'node-gyp rebuild'.
767 error This is most likely a problem with the bufferutil package,
767 error not with npm itself.
767 error Tell the author that this fails on your system:
767 error     node-gyp rebuild
767 error You can get information on how to open an issue for this project with:
767 error     npm bugs bufferutil
767 error Or if that isn't available, you can get their info via:
767 error
767 error     npm owner ls bufferutil
767 error There is likely additional logging output above.
768 verbose exit [ 1, true ]
